<?xml version="1.0" encoding="UTF-8"?>
<testng-results skipped="0" failed="0" total="3" passed="3">
  <reporter-output>
  </reporter-output>
  <suite name="Suite" duration-ms="60117" started-at="2016-01-31T13:16:25Z" finished-at="2016-01-31T13:17:25Z">
    <groups>
      <group name="bonding">
        <method signature="TC_Class1.tc01LaunchURL()[pri:0, instance:com.group.guru99.TC_Class1@2fba1328]" name="tc01LaunchURL" class="com.group.guru99.TC_Class1"/>
        <method signature="TC_Class1.tc03EnterCredentials()[pri:0, instance:com.group.guru99.TC_Class1@2fba1328]" name="tc03EnterCredentials" class="com.group.guru99.TC_Class1"/>
        <method signature="TC_Class1.tc05VerifyHyperlinks()[pri:0, instance:com.group.guru99.TC_Class1@2fba1328]" name="tc05VerifyHyperlinks" class="com.group.guru99.TC_Class1"/>
      </group> <!-- bonding -->
      <group name="strong_ties">
        <method signature="TC_Class1.tc01LaunchURL()[pri:0, instance:com.group.guru99.TC_Class1@2fba1328]" name="tc01LaunchURL" class="com.group.guru99.TC_Class1"/>
        <method signature="TC_Class1.tc03EnterCredentials()[pri:0, instance:com.group.guru99.TC_Class1@2fba1328]" name="tc03EnterCredentials" class="com.group.guru99.TC_Class1"/>
      </group> <!-- strong_ties -->
    </groups>
    <test name="Guru 99 Smoke Test Demo" duration-ms="60117" started-at="2016-01-31T13:16:25Z" finished-at="2016-01-31T13:17:25Z">
      <class name="com.group.guru99.TC_Class1">
        <test-method status="PASS" signature="tc01LaunchURL()[pri:0, instance:com.group.guru99.TC_Class1@2fba1328]" name="tc01LaunchURL" duration-ms="53243" started-at="2016-01-31T18:46:25Z" finished-at="2016-01-31T18:47:18Z">
          <reporter-output>
          </reporter-output>
        </test-method> <!-- tc01LaunchURL -->
        <test-method status="PASS" signature="tc03EnterCredentials()[pri:0, instance:com.group.guru99.TC_Class1@2fba1328]" name="tc03EnterCredentials" duration-ms="3493" started-at="2016-01-31T18:47:18Z" finished-at="2016-01-31T18:47:22Z">
          <reporter-output>
          </reporter-output>
        </test-method> <!-- tc03EnterCredentials -->
        <test-method status="PASS" signature="tc05VerifyHyperlinks()[pri:0, instance:com.group.guru99.TC_Class1@2fba1328]" name="tc05VerifyHyperlinks" duration-ms="3288" started-at="2016-01-31T18:47:22Z" finished-at="2016-01-31T18:47:25Z">
          <reporter-output>
          </reporter-output>
        </test-method> <!-- tc05VerifyHyperlinks -->
      </class> <!-- com.group.guru99.TC_Class1 -->
    </test> <!-- Guru 99 Smoke Test Demo -->
  </suite> <!-- Suite -->
</testng-results>
