<?xml version="1.0" encoding="UTF-8"?>
<!-- Generated by org.testng.reporters.JUnitXMLReporter -->
<testsuite ignored="0" hostname="DESKTOP-SQUR7HE" failures="0" tests="4" name="Test" time="11.695" errors="0" timestamp="2023-07-21T09:12:57 IST">
  <testcase classname="com.test.GroupDemoTestNG" name="test1" time="0.042"/>
  <testcase classname="com.test.GroupDemoTestNG" name="test2" time="3.154"/>
  <testcase classname="com.test.GroupDemoTestNG" name="test4" time="0.042"/>
  <testcase classname="com.test.GroupDemoTestNG" name="test3" time="0.052"/>
</testsuite> <!-- Test -->
