<?xml version="1.0" encoding="UTF-8"?>
<!-- Generated by org.testng.reporters.JUnitXMLReporter -->
<testsuite hostname="Ramandeep-PC" name="Default test" tests="5" failures="0" timestamp="31 Jan 2016 11:58:14 GMT" time="96.086" errors="0">
  <testcase name="tc01LaunchURL" time="81.711" classname="com.group.guru99.TC_Class1"/>
  <testcase name="tc02VerifyLaunchPage" time="0.351" classname="com.group.guru99.TC_Class1"/>
  <testcase name="tc03EnterCredentials" time="5.249" classname="com.group.guru99.TC_Class1"/>
  <testcase name="tc04VerifyLoggedInPage" time="8.435" classname="com.group.guru99.TC_Class1"/>
  <testcase name="tc05VerifyHyperlinks" time="0.278" classname="com.group.guru99.TC_Class1"/>
</testsuite> <!-- Default test -->
