<?xml version="1.0" encoding="UTF-8"?>
<!-- Generated by org.testng.reporters.JUnitXMLReporter -->
<testsuite hostname="Ramandeep-PC" name="Guru 99 Smoke Test Demo" tests="3" failures="0" timestamp="31 Jan 2016 13:17:25 GMT" time="60.117" errors="0">
  <testcase name="tc01LaunchURL" time="53.243" classname="com.group.guru99.TC_Class1"/>
  <testcase name="tc03EnterCredentials" time="3.493" classname="com.group.guru99.TC_Class1"/>
  <testcase name="tc05VerifyHyperlinks" time="3.288" classname="com.group.guru99.TC_Class1"/>
</testsuite> <!-- Guru 99 Smoke Test Demo -->
