<?xml version="1.0" encoding="UTF-8"?>
<!-- Generated by org.testng.reporters.JUnitXMLReporter -->
<testsuite ignored="0" hostname="DESKTOP-SQUR7HE" failures="0" tests="4" name="Default test" time="11.654" errors="0" timestamp="2023-07-21T09:17:26 IST">
  <testcase classname="com.test.GroupDemoTestNG" name="test1" time="0.043"/>
  <testcase classname="com.test.GroupDemoTestNG" name="test2" time="3.128"/>
  <testcase classname="com.test.GroupDemoTestNG" name="test3" time="0.056"/>
  <testcase classname="com.test.GroupDemoTestNG" name="test4" time="0.035"/>
</testsuite> <!-- Default test -->
