<?xml version="1.0" encoding="UTF-8"?>
<testng-results ignored="0" total="4" passed="4" failed="0" skipped="0">
  <reporter-output>
  </reporter-output>
  <suite started-at="2023-07-21T09:17:14 IST" name="Default suite" finished-at="2023-07-21T09:17:26 IST" duration-ms="11654">
    <groups>
      <group name="bonding">
        <method signature="GroupDemoTestNG.test1()[pri:0, instance:com.test.GroupDemoTestNG@31d7b7bf]" name="test1" class="com.test.GroupDemoTestNG"/>
        <method signature="GroupDemoTestNG.test2()[pri:0, instance:com.test.GroupDemoTestNG@31d7b7bf]" name="test2" class="com.test.GroupDemoTestNG"/>
        <method signature="GroupDemoTestNG.test4()[pri:0, instance:com.test.GroupDemoTestNG@31d7b7bf]" name="test4" class="com.test.GroupDemoTestNG"/>
      </group> <!-- bonding -->
      <group name="strong_ties">
        <method signature="GroupDemoTestNG.test2()[pri:0, instance:com.test.GroupDemoTestNG@31d7b7bf]" name="test2" class="com.test.GroupDemoTestNG"/>
        <method signature="GroupDemoTestNG.test3()[pri:0, instance:com.test.GroupDemoTestNG@31d7b7bf]" name="test3" class="com.test.GroupDemoTestNG"/>
      </group> <!-- strong_ties -->
    </groups>
    <test started-at="2023-07-21T09:17:14 IST" name="Default test" finished-at="2023-07-21T09:17:26 IST" duration-ms="11654">
      <class name="com.test.GroupDemoTestNG">
        <test-method is-config="true" signature="before()[pri:0, instance:com.test.GroupDemoTestNG@31d7b7bf]" started-at="2023-07-21T09:17:14 IST" name="before" finished-at="2023-07-21T09:17:20 IST" duration-ms="6278" status="PASS">
          <reporter-output>
          </reporter-output>
        </test-method> <!-- before -->
        <test-method signature="test1()[pri:0, instance:com.test.GroupDemoTestNG@31d7b7bf]" started-at="2023-07-21T09:17:20 IST" name="test1" finished-at="2023-07-21T09:17:20 IST" duration-ms="43" status="PASS">
          <reporter-output>
          </reporter-output>
        </test-method> <!-- test1 -->
        <test-method signature="test2()[pri:0, instance:com.test.GroupDemoTestNG@31d7b7bf]" started-at="2023-07-21T09:17:20 IST" name="test2" finished-at="2023-07-21T09:17:24 IST" duration-ms="3128" status="PASS">
          <reporter-output>
          </reporter-output>
        </test-method> <!-- test2 -->
        <test-method signature="test3()[pri:0, instance:com.test.GroupDemoTestNG@31d7b7bf]" started-at="2023-07-21T09:17:24 IST" name="test3" finished-at="2023-07-21T09:17:24 IST" duration-ms="56" status="PASS">
          <reporter-output>
          </reporter-output>
        </test-method> <!-- test3 -->
        <test-method signature="test4()[pri:0, instance:com.test.GroupDemoTestNG@31d7b7bf]" started-at="2023-07-21T09:17:24 IST" name="test4" finished-at="2023-07-21T09:17:24 IST" duration-ms="35" status="PASS">
          <reporter-output>
          </reporter-output>
        </test-method> <!-- test4 -->
        <test-method is-config="true" signature="after()[pri:0, instance:com.test.GroupDemoTestNG@31d7b7bf]" started-at="2023-07-21T09:17:24 IST" name="after" finished-at="2023-07-21T09:17:26 IST" duration-ms="2088" status="PASS">
          <reporter-output>
          </reporter-output>
        </test-method> <!-- after -->
      </class> <!-- com.test.GroupDemoTestNG -->
    </test> <!-- Default test -->
  </suite> <!-- Default suite -->
</testng-results>
